<?xml version="1.0" encoding="UTF-8"?>
<!-- Generated by org.testng.reporters.JUnitXMLReporter -->
<testsuite hostname="LAPTOP-SN90VK9S" ignored="0" name="Default test" tests="3" failures="0" timestamp="26 Jan 2021 03:17:38 GMT" time="0.57" errors="0">
  <testcase name="loginTest" time="0.005" classname="com.OrangeHrm.testCase.TC_003_Login_DDT_Test"/>
  <testcase name="loginTest" time="0.001" classname="com.OrangeHrm.testCase.TC_003_Login_DDT_Test"/>
  <testcase name="loginTest" time="0.001" classname="com.OrangeHrm.testCase.TC_003_Login_DDT_Test"/>
</testsuite> <!-- Default test -->
